2025-29-06 18:06:04.820 INFO  [background-preinit] o.h.validator.internal.util.Version - HV000001: Hibernate Validator 8.0.2.Final
2025-29-06 18:06:04.928 INFO  [restartedMain] o.a.mynoteapp.MynoteAppApplication - Starting MynoteAppApplication using Java 23.0.1 with PID 16692 (C:\Anand\Project\Mynote-App\target\classes started by anand in C:\Anand\Project\Mynote-App)
2025-29-06 18:06:04.930 INFO  [restartedMain] o.a.mynoteapp.MynoteAppApplication - The following 1 profile is active: "dev"
2025-29-06 18:06:05.050 INFO  [restartedMain] o.s.b.d.e.DevToolsPropertyDefaultsPostProcessor - Devtools property defaults active! Set 'spring.devtools.add-properties' to 'false' to disable
2025-29-06 18:06:05.051 INFO  [restartedMain] o.s.b.d.e.DevToolsPropertyDefaultsPostProcessor - For additional web related logging consider setting the 'logging.level.web' property to 'DEBUG'
2025-29-06 18:06:06.963 INFO  [restartedMain] o.s.d.r.c.RepositoryConfigurationDelegate - Bootstrapping Spring Data JPA repositories in DEFAULT mode.
2025-29-06 18:06:07.162 INFO  [restartedMain] o.s.d.r.c.RepositoryConfigurationDelegate - Finished Spring Data repository scanning in 176 ms. Found 7 JPA repository interfaces.
2025-29-06 18:06:09.167 INFO  [restartedMain] o.s.b.w.e.tomcat.TomcatWebServer - Tomcat initialized with port 9090 (http)
2025-29-06 18:06:09.219 INFO  [restartedMain] o.a.coyote.http11.Http11NioProtocol - Initializing ProtocolHandler ["http-nio-9090"]
2025-29-06 18:06:09.228 INFO  [restartedMain] o.a.catalina.core.StandardService - Starting service [Tomcat]
2025-29-06 18:06:09.230 INFO  [restartedMain] o.a.catalina.core.StandardEngine - Starting Servlet engine: [Apache Tomcat/10.1.41]
2025-29-06 18:06:09.414 INFO  [restartedMain] o.a.c.c.C.[Tomcat].[localhost].[/] - Initializing Spring embedded WebApplicationContext
2025-29-06 18:06:09.415 INFO  [restartedMain] o.s.b.w.s.c.ServletWebServerApplicationContext - Root WebApplicationContext: initialization completed in 4360 ms
2025-29-06 18:06:10.668 INFO  [restartedMain] o.h.jpa.internal.util.LogHelper - HHH000204: Processing PersistenceUnitInfo [name: default]
2025-29-06 18:06:10.728 INFO  [restartedMain] org.hibernate.Version - HHH000412: Hibernate ORM core version 6.6.15.Final
2025-29-06 18:06:10.765 INFO  [restartedMain] o.h.c.i.RegionFactoryInitiator - HHH000026: Second-level cache disabled
2025-29-06 18:06:11.209 INFO  [restartedMain] o.s.o.j.p.SpringPersistenceUnitInfo - No LoadTimeWeaver setup: ignoring JPA class transformer
2025-29-06 18:06:11.241 INFO  [restartedMain] com.zaxxer.hikari.HikariDataSource - HikariPool-1 - Starting...
2025-29-06 18:06:11.723 INFO  [restartedMain] com.zaxxer.hikari.pool.HikariPool - HikariPool-1 - Added connection com.mysql.cj.jdbc.ConnectionImpl@624fb2c6
2025-29-06 18:06:11.726 INFO  [restartedMain] com.zaxxer.hikari.HikariDataSource - HikariPool-1 - Start completed.
2025-29-06 18:06:11.798 WARN  [restartedMain] org.hibernate.orm.deprecation - HHH90000025: MySQL8Dialect does not need to be specified explicitly using 'hibernate.dialect' (remove the property setting and it will be selected by default)
2025-29-06 18:06:11.801 WARN  [restartedMain] org.hibernate.orm.deprecation - HHH90000026: MySQL8Dialect has been deprecated; use org.hibernate.dialect.MySQLDialect instead
2025-29-06 18:06:11.820 INFO  [restartedMain] o.hibernate.orm.connections.pooling - HHH10001005: Database info:
	Database JDBC URL [Connecting through datasource 'HikariDataSource (HikariPool-1)']
	Database driver: undefined/unknown
	Database version: 8.0
	Autocommit mode: undefined/unknown
	Isolation level: undefined/unknown
	Minimum pool size: undefined/unknown
	Maximum pool size: undefined/unknown
2025-29-06 18:06:13.399 INFO  [restartedMain] o.h.e.t.j.p.i.JtaPlatformInitiator - HHH000489: No JTA platform available (set 'hibernate.transaction.jta.platform' to enable JTA platform integration)
2025-29-06 18:06:13.539 INFO  [restartedMain] o.s.o.j.LocalContainerEntityManagerFactoryBean - Initialized JPA EntityManagerFactory for persistence unit 'default'
2025-29-06 18:06:15.632 INFO  [restartedMain] o.s.s.c.a.a.c.InitializeAuthenticationProviderBeanManagerConfigurer$InitializeAuthenticationProviderManagerConfigurer - Global AuthenticationManager configured with AuthenticationProvider bean with name authenticationProvider
2025-29-06 18:06:15.633 WARN  [restartedMain] o.s.s.c.a.a.c.InitializeUserDetailsBeanManagerConfigurer$InitializeUserDetailsManagerConfigurer - Global AuthenticationManager configured with an AuthenticationProvider bean. UserDetailsService beans will not be used by Spring Security for automatically configuring username/password login. Consider removing the AuthenticationProvider bean. Alternatively, consider using the UserDetailsService in a manually instantiated DaoAuthenticationProvider. If the current configuration is intentional, to turn off this warning, increase the logging level of 'org.springframework.security.config.annotation.authentication.configuration.InitializeUserDetailsBeanManagerConfigurer' to ERROR
2025-29-06 18:06:16.949 WARN  [restartedMain] o.s.b.a.o.j.JpaBaseConfiguration$JpaWebConfiguration - spring.jpa.open-in-view is enabled by default. Therefore, database queries may be performed during view rendering. Explicitly configure spring.jpa.open-in-view to disable this warning
2025-29-06 18:06:18.378 INFO  [restartedMain] o.s.b.a.e.web.EndpointLinksResolver - Exposing 1 endpoint beneath base path '/actuator'
2025-29-06 18:06:19.471 INFO  [restartedMain] o.s.b.d.a.OptionalLiveReloadServer - LiveReload server is running on port 35729
2025-29-06 18:06:19.567 INFO  [restartedMain] o.a.coyote.http11.Http11NioProtocol - Starting ProtocolHandler ["http-nio-9090"]
2025-29-06 18:06:19.583 INFO  [restartedMain] o.s.b.w.e.tomcat.TomcatWebServer - Tomcat started on port 9090 (http) with context path '/'
2025-29-06 18:06:19.618 INFO  [restartedMain] o.a.mynoteapp.MynoteAppApplication - Started MynoteAppApplication in 15.378 seconds (process running for 16.358)
2025-29-06 18:06:23.902 INFO  [http-nio-9090-exec-1] o.a.c.c.C.[Tomcat].[localhost].[/] - Initializing Spring DispatcherServlet 'dispatcherServlet'
2025-29-06 18:06:23.903 INFO  [http-nio-9090-exec-1] o.s.web.servlet.DispatcherServlet - Initializing Servlet 'dispatcherServlet'
2025-29-06 18:06:23.904 INFO  [http-nio-9090-exec-1] o.s.web.servlet.DispatcherServlet - Completed initialization in 1 ms
2025-29-06 18:06:24.081 INFO  [http-nio-9090-exec-1] org.anand.mynoteapp.aop.LogExcution - Calling :: AuthController :: loginUser()
2025-29-06 18:06:24.082 INFO  [http-nio-9090-exec-1] o.a.m.controller.AuthController - AuthController : loginUser() : Execution Start
2025-29-06 18:06:24.082 INFO  [http-nio-9090-exec-1] o.a.m.service.impl.AuthServiceImpl - AuthServiceImpl : login() : Execution Start
2025-29-06 18:06:24.585 INFO  [http-nio-9090-exec-1] o.a.m.service.impl.AuthServiceImpl - AuthServiceImpl : login() : Execution End
2025-29-06 18:06:24.587 INFO  [http-nio-9090-exec-1] org.anand.mynoteapp.aop.LogExcution - Calling :: AuthController :: loginUser()
2025-29-06 18:06:40.002 INFO  [SpringApplicationShutdownHook] o.s.b.w.e.tomcat.GracefulShutdown - Commencing graceful shutdown. Waiting for active requests to complete
2025-29-06 18:06:40.012 INFO  [tomcat-shutdown] o.s.b.w.e.tomcat.GracefulShutdown - Graceful shutdown complete
2025-29-06 18:06:40.021 INFO  [SpringApplicationShutdownHook] o.s.o.j.LocalContainerEntityManagerFactoryBean - Closing JPA EntityManagerFactory for persistence unit 'default'
2025-29-06 18:06:40.025 INFO  [SpringApplicationShutdownHook] com.zaxxer.hikari.HikariDataSource - HikariPool-1 - Shutdown initiated...
2025-29-06 18:06:40.035 INFO  [SpringApplicationShutdownHook] com.zaxxer.hikari.HikariDataSource - HikariPool-1 - Shutdown completed.
